0 info it worked if it ends with ok
1 verbose cli [ '/usr/local/bin/node', '/usr/local/bin/npm', 'publish' ]
2 info using npm@3.10.10
3 info using node@v6.10.2
4 verbose publish [ '.' ]
5 silly cache add args [ '.', null ]
6 verbose cache add spec .
7 silly cache add parsed spec Result {
7 silly cache add   raw: '.',
7 silly cache add   scope: null,
7 silly cache add   escapedName: null,
7 silly cache add   name: null,
7 silly cache add   rawSpec: '.',
7 silly cache add   spec: '/Users/jason/Study/MyProjects/LearnNodeV1/LearnNodeV1',
7 silly cache add   type: 'directory' }
8 verbose addLocalDirectory /Users/jason/.npm/learnnodev1/1.0.0/package.tgz not in flight; packing
9 verbose correctMkdir /Users/jason/.npm correctMkdir not in flight; initializing
10 info lifecycle learnnodev1@1.0.0~prepublish: learnnodev1@1.0.0
11 silly lifecycle learnnodev1@1.0.0~prepublish: no script for prepublish, continuing
12 verbose tar pack [ '/Users/jason/.npm/learnnodev1/1.0.0/package.tgz',
12 verbose tar pack   '/Users/jason/Study/MyProjects/LearnNodeV1/LearnNodeV1' ]
13 verbose tarball /Users/jason/.npm/learnnodev1/1.0.0/package.tgz
14 verbose folder /Users/jason/Study/MyProjects/LearnNodeV1/LearnNodeV1
15 verbose addLocalTarball adding from inside cache /Users/jason/.npm/learnnodev1/1.0.0/package.tgz
16 verbose correctMkdir /Users/jason/.npm correctMkdir not in flight; initializing
17 silly cache afterAdd learnnodev1@1.0.0
18 verbose afterAdd /Users/jason/.npm/learnnodev1/1.0.0/package/package.json not in flight; writing
19 verbose correctMkdir /Users/jason/.npm correctMkdir not in flight; initializing
20 verbose afterAdd /Users/jason/.npm/learnnodev1/1.0.0/package/package.json written
21 silly publish { name: 'learnnodev1',
21 silly publish   version: '1.0.0',
21 silly publish   description: 'Explore node.js, npm and github together',
21 silly publish   main: 'index.js',
21 silly publish   scripts: { test: 'echo "Error: no test specified" && exit 1' },
21 silly publish   repository:
21 silly publish    { type: 'git',
21 silly publish      url: 'git+https://github.com/jasonjzgithub/LearnNodeV1.git' },
21 silly publish   author: { name: 'Jason Zhang', email: 'jasonjz@gmail.com' },
21 silly publish   licenses: [ { type: 'MIT', url: 'https://opensource.org/licenses/MIT' } ],
21 silly publish   bugs: { url: 'https://github.com/jasonjzgithub/LearnNodeV1/issues' },
21 silly publish   homepage: 'https://github.com/jasonjzgithub/LearnNodeV1#readme',
21 silly publish   readme: '# LearnNodeV1\n\nThis a node.js module to explore the node.js, GitHub and NPM.\n\n## Usage\n\nThis is a testing module for the development process, i.e. check in code to GitHub, publish in npm and install from npm.\n',
21 silly publish   readmeFilename: 'README.md',
21 silly publish   gitHead: '68f534484feb9ca38c23437bca17b5c486372ec1',
21 silly publish   _id: 'learnnodev1@1.0.0',
21 silly publish   _shasum: '0d17fe85231b48025b63c23b61255badff924710',
21 silly publish   _from: '.' }
22 verbose getPublishConfig undefined
23 silly mapToRegistry name learnnodev1
24 silly mapToRegistry using default registry
25 silly mapToRegistry registry https://registry.npmjs.org/
26 silly mapToRegistry data Result {
26 silly mapToRegistry   raw: 'learnnodev1',
26 silly mapToRegistry   scope: null,
26 silly mapToRegistry   escapedName: 'learnnodev1',
26 silly mapToRegistry   name: 'learnnodev1',
26 silly mapToRegistry   rawSpec: '',
26 silly mapToRegistry   spec: 'latest',
26 silly mapToRegistry   type: 'tag' }
27 silly mapToRegistry uri https://registry.npmjs.org/learnnodev1
28 verbose publish registryBase https://registry.npmjs.org/
29 silly publish uploading /Users/jason/.npm/learnnodev1/1.0.0/package.tgz
30 verbose request uri https://registry.npmjs.org/learnnodev1
31 verbose request sending authorization for write operation
32 info attempt registry request try #1 at 2:58:05 PM
33 verbose request using bearer token for auth
34 verbose request id 5f2eba225feabc85
35 http request PUT https://registry.npmjs.org/learnnodev1
36 http 403 https://registry.npmjs.org/learnnodev1
37 verbose headers { 'content-type': 'application/json',
37 verbose headers   'cache-control': 'max-age=300',
37 verbose headers   'content-length': '91',
37 verbose headers   'accept-ranges': 'bytes',
37 verbose headers   date: 'Thu, 30 Nov 2017 19:58:05 GMT',
37 verbose headers   via: '1.1 varnish',
37 verbose headers   connection: 'keep-alive',
37 verbose headers   'x-served-by': 'cache-yyz8330-YYZ',
37 verbose headers   'x-cache': 'MISS',
37 verbose headers   'x-cache-hits': '0',
37 verbose headers   'x-timer': 'S1512071885.452360,VS0,VE453',
37 verbose headers   vary: 'Accept-Encoding, Accept' }
38 verbose request invalidating /Users/jason/.npm/registry.npmjs.org/learnnodev1 on PUT
39 error publish Failed PUT 403
40 verbose stack Error: You cannot publish over the previously published version 1.0.0. : learnnodev1
40 verbose stack     at makeError (/usr/local/lib/node_modules/npm/node_modules/npm-registry-client/lib/request.js:302:12)
40 verbose stack     at CachingRegistryClient.<anonymous> (/usr/local/lib/node_modules/npm/node_modules/npm-registry-client/lib/request.js:290:14)
40 verbose stack     at Request._callback (/usr/local/lib/node_modules/npm/node_modules/npm-registry-client/lib/request.js:210:14)
40 verbose stack     at Request.self.callback (/usr/local/lib/node_modules/npm/node_modules/request/request.js:187:22)
40 verbose stack     at emitTwo (events.js:106:13)
40 verbose stack     at Request.emit (events.js:191:7)
40 verbose stack     at Request.<anonymous> (/usr/local/lib/node_modules/npm/node_modules/request/request.js:1048:10)
40 verbose stack     at emitOne (events.js:96:13)
40 verbose stack     at Request.emit (events.js:188:7)
40 verbose stack     at IncomingMessage.<anonymous> (/usr/local/lib/node_modules/npm/node_modules/request/request.js:969:12)
41 verbose statusCode 403
42 verbose pkgid learnnodev1
43 verbose cwd /Users/jason/Study/MyProjects/LearnNodeV1/LearnNodeV1
44 error Darwin 16.7.0
45 error argv "/usr/local/bin/node" "/usr/local/bin/npm" "publish"
46 error node v6.10.2
47 error npm  v3.10.10
48 error code E403
49 error You cannot publish over the previously published version 1.0.0. : learnnodev1
50 error If you need help, you may report this error at:
50 error     <https://github.com/npm/npm/issues>
51 verbose exit [ 1, true ]
